#
# A fatal error has been detected by the Java Runtime Environment:
#
#  EXCEPTION_ACCESS_VIOLATION (0xc0000005) at pc=0x000000005798f838, pid=10100, tid=0x0000000000003950
#
# JRE version: Java(TM) SE Runtime Environment (8.0_181-b13) (build 1.8.0_181-b13)
# Java VM: Java HotSpot(TM) 64-Bit Server VM (25.181-b13 mixed mode windows-amd64 compressed oops)
# Problematic frame:
# V  [jvm.dll+0x12f838]
#
# Failed to write core dump. Minidumps are not enabled by default on client versions of Windows
#
# If you would like to submit a bug report, please visit:
#   http://bugreport.java.com/bugreport/crash.jsp
#

---------------  T H R E A D  ---------------

Current thread (0x00000000177e8800):  VMThread [stack: 0x0000000018890000,0x0000000018990000] [id=14672]

siginfo: ExceptionCode=0xc0000005, writing address 0x000000ca172bc2ce

Registers:
RAX=0x00000000177e8800, RBX=0x00000000195ece50, RCX=0x00000000172bc090, RDX=0x00000000172bc168
RSP=0x000000001898f490, RBP=0x00000000195f0a50, RSI=0x00000000177e8800, RDI=0x00000000172bc168
R8 =0x00000000000000c4, R9 =0x00000000000000c4, R10=0x0000000000000000, R11=0x000000ca172bc2c8
R12=0x000000005798f940, R13=0x000000010007f1a8, R14=0x00000000176f5400, R15=0x0000000002b09ee0
RIP=0x000000005798f838, EFLAGS=0x0000000000010202

Top of Stack: (sp=0x000000001898f490)
0x000000001898f490:   00000000177e5e60 00000000195f0e10
0x000000001898f4a0:   00000000195f0c00 0000000057a7f14a
0x000000001898f4b0:   000000001734a880 00000000177e8800
0x000000001898f4c0:   00000000177e8800 00000000177e70a0
0x000000001898f4d0:   00000000172bc168 000000005798f97d
0x000000001898f4e0:   00000000177e8b28 00000000000000d8
0x000000001898f4f0:   000000001898f6f0 00000000578615d6
0x000000001898f500:   00000000192ef320 0000000057a1ece4
0x000000001898f510:   000000001898f5c0 00000000172bc168
0x000000001898f520:   0000000017832940 0000000000000003
0x000000001898f530:   00000000178328b0 0000000058178d94
0x000000001898f540:   0000000000f9aea8 0000000002b0bdb0
0x000000001898f550:   0000000000000000 00000000176f5400
0x000000001898f560:   00000000176f57d8 0000000017832940
0x000000001898f570:   00000000195f0a50 00000000176f57d8
0x000000001898f580:   00000000000003d8 00000000192ef320 

Instructions: (pc=0x000000005798f838)
0x000000005798f818:   00 74 0d 48 8b ce e8 7d 88 14 00 45 33 db eb 04
0x000000005798f828:   4c 8b 5f 18 48 83 7e 08 00 75 0a 4d 85 db 74 05
0x000000005798f838:   66 41 ff 43 06 ff 05 9d a1 6c 00 48 8d 4c 24 30
0x000000005798f848:   48 8b d6 e8 d0 3c 0e 00 48 8b 9e 40 01 00 00 8b 


Register to memory mapping:

RAX=0x00000000177e8800 is an unknown value
RBX=0x00000000195ece50 is an unknown value
RCX=0x00000000172bc090 is pointing into metadata
RDX={method} {0x00000000172bc170} 'main' '([Ljava/lang/String;)V' in 'addNumber'
RSP=0x000000001898f490 is an unknown value
RBP=0x00000000195f0a50 is an unknown value
RSI=0x00000000177e8800 is an unknown value
RDI={method} {0x00000000172bc170} 'main' '([Ljava/lang/String;)V' in 'addNumber'
R8 =0x00000000000000c4 is an unknown value
R9 =0x00000000000000c4 is an unknown value
R10=0x0000000000000000 is an unknown value
R11=0x000000ca172bc2c8 is an unknown value
R12=0x000000005798f940 is an unknown value
R13=0x000000010007f1a8 is pointing into metadata
R14=0x00000000176f5400 is an unknown value
R15=0x0000000002b09ee0 is an unknown value


Stack: [0x0000000018890000,0x0000000018990000],  sp=0x000000001898f490,  free space=1021k
Native frames: (J=compiled Java code, j=interpreted, Vv=VM code, C=native code)
V  [jvm.dll+0x12f838]
V  [jvm.dll+0x1bece4]
V  [jvm.dll+0x1bfa77]
V  [jvm.dll+0x24cc27]
V  [jvm.dll+0x24bec6]
V  [jvm.dll+0x24c361]
V  [jvm.dll+0x24c57e]
V  [jvm.dll+0x29e64a]
C  [msvcr100.dll+0x21d9f]
C  [msvcr100.dll+0x21e3b]
C  [KERNEL32.DLL+0x13d2]
C  [ntdll.dll+0x15444]

VM_Operation (0x00000000192ef2b0): ChangeBreakpoints, mode: safepoint, requested by thread 0x0000000017829800


---------------  P R O C E S S  ---------------

Java Threads: ( => current thread )
  0x00000000195f9800 JavaThread "Service Thread" daemon [_thread_blocked, id=14344, stack(0x0000000019bf0000,0x0000000019cf0000)]
  0x000000001957c000 JavaThread "C1 CompilerThread2" daemon [_thread_blocked, id=4724, stack(0x0000000019af0000,0x0000000019bf0000)]
  0x0000000019577800 JavaThread "C2 CompilerThread1" daemon [_thread_blocked, id=8036, stack(0x00000000199f0000,0x0000000019af0000)]
  0x0000000019576000 JavaThread "C2 CompilerThread0" daemon [_thread_blocked, id=14992, stack(0x00000000198f0000,0x00000000199f0000)]
  0x0000000017839000 JavaThread "JDWP Command Reader" daemon [_thread_in_native, id=14632, stack(0x00000000193f0000,0x00000000194f0000)]
  0x0000000017838000 JavaThread "JDWP Event Helper Thread" daemon [_thread_blocked, id=11624, stack(0x00000000192f0000,0x00000000193f0000)]
  0x0000000017829800 JavaThread "JDWP Transport Listener: dt_socket" daemon [_thread_blocked, id=11548, stack(0x00000000191f0000,0x00000000192f0000)]
  0x0000000017821000 JavaThread "Attach Listener" daemon [_thread_blocked, id=11156, stack(0x0000000018e10000,0x0000000018f10000)]
  0x000000001781e000 JavaThread "Signal Dispatcher" daemon [_thread_blocked, id=9460, stack(0x0000000018d10000,0x0000000018e10000)]
  0x0000000002bbc800 JavaThread "Finalizer" daemon [_thread_blocked, id=11464, stack(0x0000000018a90000,0x0000000018b90000)]
  0x0000000002bb1800 JavaThread "Reference Handler" daemon [_thread_blocked, id=7864, stack(0x0000000018990000,0x0000000018a90000)]
  0x0000000002ac3000 JavaThread "main" [_thread_in_native, id=5532, stack(0x00000000010c0000,0x00000000011c0000)]

Other Threads:
=>0x00000000177e8800 VMThread [stack: 0x0000000018890000,0x0000000018990000] [id=14672]
  0x00000000196cd800 WatcherThread [stack: 0x0000000019cf0000,0x0000000019df0000] [id=14876]

VM state:at safepoint (normal execution)

VM Mutex/Monitor currently owned by a thread:  ([mutex/lock_event])
[0x0000000000f9d8b0] Threads_lock - owner thread: 0x00000000177e8800

Heap:
 PSYoungGen      total 38400K, used 6678K [0x00000000d5d00000, 0x00000000d8780000, 0x0000000100000000)
  eden space 33280K, 20% used [0x00000000d5d00000,0x00000000d6385948,0x00000000d7d80000)
  from space 5120K, 0% used [0x00000000d8280000,0x00000000d8280000,0x00000000d8780000)
  to   space 5120K, 0% used [0x00000000d7d80000,0x00000000d7d80000,0x00000000d8280000)
 ParOldGen       total 87552K, used 0K [0x0000000081600000, 0x0000000086b80000, 0x00000000d5d00000)
  object space 87552K, 0% used [0x0000000081600000,0x0000000081600000,0x0000000086b80000)
 Metaspace       used 5448K, capacity 5586K, committed 5760K, reserved 1056768K
  class space    used 604K, capacity 625K, committed 640K, reserved 1048576K

Card table byte_map: [0x0000000012080000,0x0000000012480000] byte_map_base: 0x0000000011c75000

Marking Bits: (ParMarkBitMap*) 0x0000000058082d00
 Begin Bits: [0x0000000012b30000, 0x0000000014ad8000)
 End Bits:   [0x0000000014ad8000, 0x0000000016a80000)

Polling page: 0x0000000000f80000

CodeCache: size=245760Kb used=1461Kb max_used=1461Kb free=244298Kb
 bounds [0x0000000002cc0000, 0x0000000002f30000, 0x0000000011cc0000]
 total_blobs=458 nmethods=167 adapters=212
 compilation: enabled

Compilation events (10 events):
Event: 1493.888 Thread 0x000000001957c000  163       3       org.eclipse.jdt.launching.internal.org.objectweb.asm.SymbolTable::addConstantMemberReference (147 bytes)
Event: 1493.894 Thread 0x000000001957c000 nmethod 163 0x0000000002e2a110 code [0x0000000002e2a360, 0x0000000002e2b128]
Event: 1493.894 Thread 0x000000001957c000  164       3       org.eclipse.jdt.launching.internal.org.objectweb.asm.SymbolTable::hash (20 bytes)
Event: 1493.898 Thread 0x000000001957c000 nmethod 164 0x0000000002e2b8d0 code [0x0000000002e2ba60, 0x0000000002e2bde8]
Event: 1493.898 Thread 0x000000001957c000  165       3       org.eclipse.jdt.launching.internal.org.objectweb.asm.MethodWriter::visitInsn (115 bytes)
Event: 1493.901 Thread 0x000000001957c000 nmethod 165 0x0000000002e2bf90 code [0x0000000002e2c140, 0x0000000002e2c628]
Event: 1496.920 Thread 0x000000001957c000  166       3       org.eclipse.jdt.launching.internal.org.objectweb.asm.MethodWriter::visitMethodInsn (191 bytes)
Event: 1496.922 Thread 0x000000001957c000 nmethod 166 0x0000000002e2c810 code [0x0000000002e2ca20, 0x0000000002e2d548]
Event: 1496.922 Thread 0x000000001957c000  167       3       org.eclipse.jdt.launching.internal.org.objectweb.asm.ByteVector::put11 (52 bytes)
Event: 1496.925 Thread 0x000000001957c000 nmethod 167 0x0000000002e2da90 code [0x0000000002e2dc00, 0x0000000002e2de68]

GC Heap History (0 events):
No events

Deoptimization events (0 events):
No events

Classes redefined (10 events):
Event: 1048.575 Thread 0x00000000177e8800 redefined class name=addNumber, count=30
Event: 1109.704 Thread 0x00000000177e8800 redefined class name=addNumber, count=31
Event: 1120.320 Thread 0x00000000177e8800 redefined class name=addNumber, count=32
Event: 1178.833 Thread 0x00000000177e8800 redefined class name=addNumber, count=33
Event: 1184.221 Thread 0x00000000177e8800 redefined class name=addNumber, count=34
Event: 1270.519 Thread 0x00000000177e8800 redefined class name=addNumber, count=35
Event: 1298.611 Thread 0x00000000177e8800 redefined class name=addNumber, count=36
Event: 1493.898 Thread 0x00000000177e8800 redefined class name=addNumber, count=37
Event: 1496.924 Thread 0x00000000177e8800 redefined class name=addNumber, count=38
Event: 1600.218 Thread 0x00000000177e8800 redefined class name=addNumber, count=39

Internal exceptions (6 events):
Event: 0.044 Thread 0x0000000002ac3000 Exception <a 'java/lang/NoSuchMethodError': Method sun.misc.Unsafe.defineClass(Ljava/lang/String;[BII)Ljava/lang/Class; name or signature does not match> (0x00000000d5d07cb0) thrown at [C:\re\workspace\8-2-build-windows-amd64-cygwin\jdk8u181\11358\hotspot
Event: 0.044 Thread 0x0000000002ac3000 Exception <a 'java/lang/NoSuchMethodError': Method sun.misc.Unsafe.prefetchRead(Ljava/lang/Object;J)V name or signature does not match> (0x00000000d5d07f98) thrown at [C:\re\workspace\8-2-build-windows-amd64-cygwin\jdk8u181\11358\hotspot\src\share\vm\prim
Event: 0.467 Thread 0x0000000002ac3000 Exception <a 'java/security/PrivilegedActionException'> (0x00000000d62bc910) thrown at [C:\re\workspace\8-2-build-windows-amd64-cygwin\jdk8u181\11358\hotspot\src\share\vm\prims\jvm.cpp, line 1435]
Event: 0.467 Thread 0x0000000002ac3000 Exception <a 'java/security/PrivilegedActionException'> (0x00000000d62bcd08) thrown at [C:\re\workspace\8-2-build-windows-amd64-cygwin\jdk8u181\11358\hotspot\src\share\vm\prims\jvm.cpp, line 1435]
Event: 0.469 Thread 0x0000000002ac3000 Exception <a 'java/security/PrivilegedActionException'> (0x00000000d62c0b60) thrown at [C:\re\workspace\8-2-build-windows-amd64-cygwin\jdk8u181\11358\hotspot\src\share\vm\prims\jvm.cpp, line 1435]
Event: 0.469 Thread 0x0000000002ac3000 Exception <a 'java/security/PrivilegedActionException'> (0x00000000d62c0f58) thrown at [C:\re\workspace\8-2-build-windows-amd64-cygwin\jdk8u181\11358\hotspot\src\share\vm\prims\jvm.cpp, line 1435]

Events (10 events):
Event: 1493.913 Executing VM operation: ChangeBreakpoints done
Event: 1496.922 Executing VM operation: RedefineClasses
Event: 1496.924 Executing VM operation: RedefineClasses done
Event: 1496.932 Executing VM operation: ChangeBreakpoints
Event: 1496.932 Executing VM operation: ChangeBreakpoints done
Event: 1600.216 Executing VM operation: RedefineClasses
Event: 1600.218 Executing VM operation: RedefineClasses done
Event: 1600.227 Executing VM operation: ChangeBreakpoints
Event: 1600.228 Executing VM operation: ChangeBreakpoints done
Event: 1616.904 Executing VM operation: ChangeBreakpoints


Dynamic libraries:
0x00007ff7bbed0000 - 0x00007ff7bbf07000 	C:\Program Files\Java\jre1.8.0_181\bin\javaw.exe
0x00007ffbd2140000 - 0x00007ffbd22ec000 	C:\Windows\SYSTEM32\ntdll.dll
0x00007ffbd0ae0000 - 0x00007ffbd0c1e000 	C:\Windows\system32\KERNEL32.DLL
0x00007ffbcf5f0000 - 0x00007ffbcf705000 	C:\Windows\system32\KERNELBASE.dll
0x00007ffbcde30000 - 0x00007ffbcdebe000 	C:\Windows\system32\apphelp.dll
0x00007ffba5eb0000 - 0x00007ffba5f03000 	C:\Windows\AppPatch\AppPatch64\AcGenral.DLL
0x00007ffbcfad0000 - 0x00007ffbcfb7a000 	C:\Windows\system32\msvcrt.dll
0x00007ffbcf0c0000 - 0x00007ffbcf0ee000 	C:\Windows\SYSTEM32\SspiCli.dll
0x00007ffbd02c0000 - 0x00007ffbd0314000 	C:\Windows\system32\SHLWAPI.dll
0x00007ffbd0800000 - 0x00007ffbd0977000 	C:\Windows\system32\USER32.dll
0x00007ffbd00c0000 - 0x00007ffbd0254000 	C:\Windows\system32\ole32.dll
0x00007ffbd0c20000 - 0x00007ffbd2138000 	C:\Windows\system32\SHELL32.dll
0x00007ffbce830000 - 0x00007ffbce851000 	C:\Windows\SYSTEM32\USERENV.dll
0x00007ffbcffa0000 - 0x00007ffbd004a000 	C:\Windows\system32\ADVAPI32.dll
0x00007ffbc4a90000 - 0x00007ffbc4aae000 	C:\Windows\SYSTEM32\MPR.dll
0x00007ffbd04d0000 - 0x00007ffbd0611000 	C:\Windows\system32\RPCRT4.dll
0x00007ffbd0060000 - 0x00007ffbd00b9000 	C:\Windows\SYSTEM32\sechost.dll
0x00007ffbcfbe0000 - 0x00007ffbcfdf1000 	C:\Windows\SYSTEM32\combase.dll
0x00007ffbcf970000 - 0x00007ffbcfac1000 	C:\Windows\system32\GDI32.dll
0x00007ffbcf290000 - 0x00007ffbcf2a5000 	C:\Windows\SYSTEM32\profapi.dll
0x00007ffbcdaa0000 - 0x00007ffbcdb52000 	C:\Windows\SYSTEM32\SHCORE.dll
0x00007ffbcfb80000 - 0x00007ffbcfbb6000 	C:\Windows\system32\IMM32.DLL
0x00007ffbd0980000 - 0x00007ffbd0ad2000 	C:\Windows\system32\MSCTF.dll
0x00007ffbcd360000 - 0x00007ffbcd5db000 	C:\Windows\WinSxS\amd64_microsoft.windows.common-controls_6595b64144ccf1df_6.0.9600.17784_none_624760d1ecb7236e\COMCTL32.dll
0x0000000058110000 - 0x00000000581e2000 	C:\Program Files\Java\jre1.8.0_181\bin\msvcr100.dll
0x0000000057860000 - 0x0000000058102000 	C:\Program Files\Java\jre1.8.0_181\bin\server\jvm.dll
0x00007ffbc4ce0000 - 0x00007ffbc4ce9000 	C:\Windows\SYSTEM32\WSOCK32.dll
0x00007ffbcc4d0000 - 0x00007ffbcc4f2000 	C:\Windows\SYSTEM32\WINMM.dll
0x00007ffbccc50000 - 0x00007ffbccc5a000 	C:\Windows\SYSTEM32\VERSION.dll
0x00007ffbd0050000 - 0x00007ffbd0057000 	C:\Windows\system32\PSAPI.DLL
0x00007ffbcf840000 - 0x00007ffbcf89a000 	C:\Windows\system32\WS2_32.dll
0x00007ffbcc230000 - 0x00007ffbcc25a000 	C:\Windows\SYSTEM32\WINMMBASE.dll
0x00007ffbcf7c0000 - 0x00007ffbcf7c9000 	C:\Windows\system32\NSI.dll
0x00007ffbcf3c0000 - 0x00007ffbcf40f000 	C:\Windows\SYSTEM32\cfgmgr32.dll
0x00007ffbce0b0000 - 0x00007ffbce0d8000 	C:\Windows\SYSTEM32\DEVOBJ.dll
0x00000000582d0000 - 0x00000000582df000 	C:\Program Files\Java\jre1.8.0_181\bin\verify.dll
0x00000000582a0000 - 0x00000000582c9000 	C:\Program Files\Java\jre1.8.0_181\bin\java.dll
0x0000000057260000 - 0x0000000057295000 	C:\Program Files\Java\jre1.8.0_181\bin\jdwp.dll
0x0000000057720000 - 0x0000000057728000 	C:\Program Files\Java\jre1.8.0_181\bin\npt.dll
0x0000000057230000 - 0x0000000057253000 	C:\Program Files\Java\jre1.8.0_181\bin\instrument.dll
0x0000000058280000 - 0x0000000058296000 	C:\Program Files\Java\jre1.8.0_181\bin\zip.dll
0x0000000057710000 - 0x0000000057719000 	C:\Program Files\Java\jre1.8.0_181\bin\dt_socket.dll
0x00007ffbaedd0000 - 0x00007ffbaede5000 	C:\Windows\system32\napinsp.dll
0x00007ffbaedb0000 - 0x00007ffbaedca000 	C:\Windows\system32\pnrpnsp.dll
0x00007ffbca670000 - 0x00007ffbca68b000 	C:\Windows\system32\NLAapi.dll
0x00007ffbceaa0000 - 0x00007ffbceaf9000 	C:\Windows\System32\mswsock.dll
0x00007ffbce8a0000 - 0x00007ffbce944000 	C:\Windows\SYSTEM32\DNSAPI.dll
0x00007ffbaedf0000 - 0x00007ffbaedfd000 	C:\Windows\System32\winrnr.dll
0x00007ffbaed90000 - 0x00007ffbaeda4000 	C:\Windows\system32\wshbth.dll
0x00007ffbc9010000 - 0x00007ffbc907b000 	C:\Windows\System32\fwpuclnt.dll
0x00007ffbb2bd0000 - 0x00007ffbb2bda000 	C:\Windows\System32\rasadhlp.dll
0x00007ffba7280000 - 0x00007ffba7409000 	C:\Windows\SYSTEM32\dbghelp.dll

VM Arguments:
jvm_args: -agentlib:jdwp=transport=dt_socket,suspend=y,address=localhost:65109 -javaagent:F:\SDE\eclipse\configuration\org.eclipse.osgi\411\0\.cp\lib\javaagent-shaded.jar -Dfile.encoding=Cp1252 
java_command: addNumber
java_class_path (initial): F:\SDE\eclipse_workspacejan20\SDE\bin;F:\SDE\eclipse\configuration\org.eclipse.osgi\411\0\.cp\lib\javaagent-shaded.jar
Launcher Type: SUN_STANDARD

Environment Variables:
PATH=C:/Program Files/Java/jre1.8.0_181/bin/server;C:/Program Files/Java/jre1.8.0_181/bin;C:/Program Files/Java/jre1.8.0_181/lib/amd64;C:\Program Files (x86)\Common Files\Oracle\Java\javapath;C:\Program Files\Common Files\Open Text\Spawner\bin;C:\Program Files (x86)\Intel\iCLS Client\;C:\Program Files\Intel\iCLS Client\;C:\Windows\system32;C:\Windows;C:\Windows\System32\Wbem;C:\Windows\System32\WindowsPowerShell\v1.0\;C:\Program Files\Intel\Intel(R) Management Engine Components\DAL;C:\Program Files (x86)\Intel\Intel(R) Management Engine Components\DAL;C:\Program Files\Intel\Intel(R) Management Engine Components\IPT;C:\Program Files (x86)\Intel\Intel(R) Management Engine Components\IPT;C:\Program Files\Intel\WiFi\bin\;C:\Program Files\Common Files\Intel\WirelessCommon\;E:\Program Files (x86)\OpenText\Scan\bin;C:\Program Files\Microsoft SQL Server\Client SDK\ODBC\130\Tools\Binn\;C:\Program Files (x86)\Microsoft SQL Server\140\Tools\Binn\;C:\Program Files\Microsoft SQL Server\140\Tools\Binn\;C:\Program Files\Microsoft SQL Server\140\DTS\Binn\;C:\Program Files (x86)\Microsoft SQL Server\Client SDK\ODBC\130\Tools\Binn\;C:\Program Files (x86)\Microsoft SQL Server\140\DTS\Binn\;C:\Program Files (x86)\Microsoft SQL Server\140\Tools\Binn\ManagementStudio\;E:\Program Files\PuTTY\;F:\SDE\eclipse;
USERNAME=Harsh
OS=Windows_NT
PROCESSOR_IDENTIFIER=Intel64 Family 6 Model 61 Stepping 4, GenuineIntel



---------------  S Y S T E M  ---------------

OS: Windows 8.1 , 64 bit Build 9600 (6.3.9600.17415)

CPU:total 4 (initial active 4) (2 cores per cpu, 2 threads per core) family 6 model 61 stepping 4, cmov, cx8, fxsr, mmx, sse, sse2, sse3, ssse3, sse4.1, sse4.2, popcnt, avx, avx2, aes, clmul, erms, 3dnowpref, lzcnt, ht, tsc, tscinvbit, bmi1, bmi2, adx

Memory: 4k page, physical 8296620k(1252908k free), swap 20879532k(10309828k free)

vm_info: Java HotSpot(TM) 64-Bit Server VM (25.181-b13) for windows-amd64 JRE (1.8.0_181-b13), built on Jul  7 2018 04:01:33 by "java_re" with MS VC++ 10.0 (VS2010)

time: Sun Jan 19 19:28:21 2020
elapsed time: 1616 seconds (0d 0h 26m 56s)

